1583591031.555524 client started (83880): version 3.0a, socket /tmp//tmux-501/default, protocol 8
1583591031.555612 on Darwin 19.3.0 Darwin Kernel Version 19.3.0: Thu Jan  9 20:58:23 PST 2020; root:xnu-6153.81.5~1/RELEASE_X86_64; libevent 2.1.11-stable (select)
1583591031.555668 socket is /tmp//tmux-501/default
1583591031.555700 trying connect
1583591031.555764 connect failed: No such file or directory
1583591031.556077 lock file is /tmp//tmux-501/default.lock
1583591031.557723 flock succeeded
1583591031.557780 got lock (7)
1583591031.557811 trying connect
1583591031.557882 connect failed: No such file or directory
1583591031.559067 add peer 0x107e6f000: 8 (0x0)
1583591031.563663 sending message 100 to peer 0x107e6f000 (4 bytes)
1583591031.563698 sending message 101 to peer 0x107e6f000 (15 bytes)
1583591031.563713 sending message 102 to peer 0x107e6f000 (13 bytes)
1583591031.563726 sending message 108 to peer 0x107e6f000 (45 bytes)
1583591031.563752 sending message 104 to peer 0x107e6f000 (0 bytes)
1583591031.563766 sending message 107 to peer 0x107e6f000 (4 bytes)
1583591031.563780 sending message 105 to peer 0x107e6f000 (60 bytes)
1583591031.563791 sending message 105 to peer 0x107e6f000 (66 bytes)
1583591031.563803 sending message 105 to peer 0x107e6f000 (26 bytes)
1583591031.563816 sending message 105 to peer 0x107e6f000 (15 bytes)
1583591031.563875 sending message 105 to peer 0x107e6f000 (22 bytes)
1583591031.563890 sending message 105 to peer 0x107e6f000 (14 bytes)
1583591031.563903 sending message 105 to peer 0x107e6f000 (17 bytes)
1583591031.563915 sending message 105 to peer 0x107e6f000 (49 bytes)
1583591031.563927 sending message 105 to peer 0x107e6f000 (15 bytes)
1583591031.563940 sending message 105 to peer 0x107e6f000 (27 bytes)
1583591031.563951 sending message 105 to peer 0x107e6f000 (23 bytes)
1583591031.563963 sending message 105 to peer 0x107e6f000 (356 bytes)
1583591031.563975 sending message 105 to peer 0x107e6f000 (19 bytes)
1583591031.563987 sending message 105 to peer 0x107e6f000 (20 bytes)
1583591031.564000 sending message 105 to peer 0x107e6f000 (20 bytes)
1583591031.564011 sending message 105 to peer 0x107e6f000 (20 bytes)
1583591031.564023 sending message 105 to peer 0x107e6f000 (57 bytes)
1583591031.564036 sending message 105 to peer 0x107e6f000 (13 bytes)
1583591031.564048 sending message 105 to peer 0x107e6f000 (19 bytes)
1583591031.564060 sending message 105 to peer 0x107e6f000 (16 bytes)
1583591031.564072 sending message 105 to peer 0x107e6f000 (61 bytes)
1583591031.564084 sending message 105 to peer 0x107e6f000 (38 bytes)
1583591031.564095 sending message 105 to peer 0x107e6f000 (8 bytes)
1583591031.564112 sending message 105 to peer 0x107e6f000 (52 bytes)
1583591031.564124 sending message 105 to peer 0x107e6f000 (30 bytes)
1583591031.564136 sending message 105 to peer 0x107e6f000 (11 bytes)
1583591031.564149 sending message 105 to peer 0x107e6f000 (8 bytes)
1583591031.564160 sending message 105 to peer 0x107e6f000 (21 bytes)
1583591031.564173 sending message 105 to peer 0x107e6f000 (32 bytes)
1583591031.564185 sending message 105 to peer 0x107e6f000 (106 bytes)
1583591031.564198 sending message 105 to peer 0x107e6f000 (16 bytes)
1583591031.564209 sending message 105 to peer 0x107e6f000 (30 bytes)
1583591031.564222 sending message 105 to peer 0x107e6f000 (61 bytes)
1583591031.564233 sending message 105 to peer 0x107e6f000 (26 bytes)
1583591031.564245 sending message 105 to peer 0x107e6f000 (29 bytes)
1583591031.564257 sending message 105 to peer 0x107e6f000 (37 bytes)
1583591031.564269 sending message 105 to peer 0x107e6f000 (28 bytes)
1583591031.564281 sending message 105 to peer 0x107e6f000 (45 bytes)
1583591031.564293 sending message 105 to peer 0x107e6f000 (88 bytes)
1583591031.564306 sending message 105 to peer 0x107e6f000 (51 bytes)
1583591031.564319 sending message 105 to peer 0x107e6f000 (51 bytes)
1583591031.564330 sending message 105 to peer 0x107e6f000 (24 bytes)
1583591031.564342 sending message 105 to peer 0x107e6f000 (20 bytes)
1583591031.564354 sending message 105 to peer 0x107e6f000 (14 bytes)
1583591031.564385 sending message 105 to peer 0x107e6f000 (18 bytes)
1583591031.564393 sending message 105 to peer 0x107e6f000 (15 bytes)
1583591031.564401 sending message 105 to peer 0x107e6f000 (15 bytes)
1583591031.564410 sending message 105 to peer 0x107e6f000 (27 bytes)
1583591031.564417 sending message 105 to peer 0x107e6f000 (18 bytes)
1583591031.564425 sending message 105 to peer 0x107e6f000 (14 bytes)
1583591031.564432 sending message 105 to peer 0x107e6f000 (18 bytes)
1583591031.564439 sending message 105 to peer 0x107e6f000 (20 bytes)
1583591031.564447 sending message 105 to peer 0x107e6f000 (23 bytes)
1583591031.564454 sending message 105 to peer 0x107e6f000 (11 bytes)
1583591031.564460 sending message 105 to peer 0x107e6f000 (16 bytes)
1583591031.564467 sending message 105 to peer 0x107e6f000 (16 bytes)
1583591031.564475 sending message 105 to peer 0x107e6f000 (15 bytes)
1583591031.564482 sending message 105 to peer 0x107e6f000 (15 bytes)
1583591031.564489 sending message 105 to peer 0x107e6f000 (15 bytes)
1583591031.564499 sending message 105 to peer 0x107e6f000 (23 bytes)
1583591031.564507 sending message 105 to peer 0x107e6f000 (15 bytes)
1583591031.564515 sending message 105 to peer 0x107e6f000 (17 bytes)
1583591031.564522 sending message 105 to peer 0x107e6f000 (9 bytes)
1583591031.564529 sending message 105 to peer 0x107e6f000 (17 bytes)
1583591031.564537 sending message 105 to peer 0x107e6f000 (17 bytes)
1583591031.564544 sending message 105 to peer 0x107e6f000 (17 bytes)
1583591031.564552 sending message 105 to peer 0x107e6f000 (14 bytes)
1583591031.564560 sending message 105 to peer 0x107e6f000 (15 bytes)
1583591031.564568 sending message 105 to peer 0x107e6f000 (27 bytes)
1583591031.564576 sending message 105 to peer 0x107e6f000 (22 bytes)
1583591031.564583 sending message 106 to peer 0x107e6f000 (0 bytes)
1583591031.564594 sending message 200 to peer 0x107e6f000 (4 bytes)
1583591031.564602 client loop enter
1583591031.634626 peer 0x107e6f000 message 207
1583591031.634646 sending message 208 to peer 0x107e6f000 (0 bytes)
1583591089.458471 peer 0x107e6f000 message 203
1583591089.459110 sending message 205 to peer 0x107e6f000 (0 bytes)
1583591089.459625 peer 0x107e6f000 message 204
1583591089.459659 client loop exit
